<?xml version="1.0" encoding="UTF-8"?>
<testsuite name="com.hunterdavis02.skilltrees_api.SkilltreesApiApplicationTests" tests="1" skipped="0" failures="0" errors="0" timestamp="2026-01-16T13:35:27.395Z" hostname="HD_LAPTOP" time="1.152">
  <properties/>
  <testcase name="contextLoads()" classname="com.hunterdavis02.skilltrees_api.SkilltreesApiApplicationTests" time="1.152"/>
  <system-out><![CDATA[08:35:24.413 [Test worker] INFO org.springframework.test.context.support.AnnotationConfigContextLoaderUtils -- Could not detect default configuration classes for test class [com.hunterdavis02.skilltrees_api.SkilltreesApiApplicationTests]: SkilltreesApiApplicationTests does not declare any static, non-private, non-final, nested classes annotated with @Configuration.
08:35:24.611 [Test worker] INFO org.springframework.boot.test.context.SpringBootTestContextBootstrapper -- Found @SpringBootConfiguration com.hunterdavis02.skilltrees_api.SkilltreesApiApplication for test class com.hunterdavis02.skilltrees_api.SkilltreesApiApplicationTests

  .   ____          _            __ _ _
 /\\ / ___'_ __ _ _(_)_ __  __ _ \ \ \ \
( ( )\___ | '_ | '_| | '_ \/ _` | \ \ \ \
 \\/  ___)| |_)| | | | | || (_| |  ) ) ) )
  '  |____| .__|_| |_|_| |_\__, | / / / /
 =========|_|==============|___/=/_/_/_/

 :: Spring Boot ::                (v4.0.1)

2026-01-16T08:35:25.483-05:00  INFO 3828 --- [skilltrees-api] [    Test worker] c.h.s.SkilltreesApiApplicationTests      : Starting SkilltreesApiApplicationTests using Java 21.0.9 with PID 3828 (started by pothy in C:\Users\pothy\Documents\Github\skilltrees-api)
2026-01-16T08:35:25.486-05:00  INFO 3828 --- [skilltrees-api] [    Test worker] c.h.s.SkilltreesApiApplicationTests      : No active profile set, falling back to 1 default profile: "default"
2026-01-16T08:35:27.375-05:00  INFO 3828 --- [skilltrees-api] [    Test worker] c.h.s.SkilltreesApiApplicationTests      : Started SkilltreesApiApplicationTests in 2.42 seconds (process running for 5.102)
]]></system-out>
  <system-err><![CDATA[Mockito is currently self-attaching to enable the inline-mock-maker. This will no longer work in future releases of the JDK. Please add Mockito as an agent to your build as described in Mockito's documentation: https://javadoc.io/doc/org.mockito/mockito-core/latest/org.mockito/org/mockito/Mockito.html#0.3
WARNING: A Java agent has been loaded dynamically (C:\Users\pothy\.gradle\caches\modules-2\files-2.1\net.bytebuddy\byte-buddy-agent\1.17.8\f09415827a71be7ed621c7bd02550678f28bc81c\byte-buddy-agent-1.17.8.jar)
WARNING: If a serviceability tool is in use, please run with -XX:+EnableDynamicAgentLoading to hide this warning
WARNING: If a serviceability tool is not in use, please run with -Djdk.instrument.traceUsage for more information
WARNING: Dynamic loading of agents will be disallowed by default in a future release
]]></system-err>
</testsuite>
